<?xml version="1.0" encoding="UTF-8"?>
<testng-results ignored="0" total="3" passed="3" failed="0" skipped="0">
  <reporter-output>
  </reporter-output>
  <suite started-at="2023-04-07T21:20:00 IST" name="Suite" finished-at="2023-04-07T21:20:34 IST" duration-ms="34154">
    <groups>
    </groups>
    <test started-at="2023-04-07T21:20:00 IST" name="Test" finished-at="2023-04-07T21:20:34 IST" duration-ms="34154">
      <class name="testscripts.Test2">
        <test-method is-config="true" signature="classConfiguration()[pri:0, instance:testscripts.Test2@4d465b11]" started-at="2023-04-07T21:20:24 IST" name="classConfiguration" finished-at="2023-04-07T21:20:27 IST" duration-ms="2637" status="PASS">
          <reporter-output>
          </reporter-output>
        </test-method> <!-- classConfiguration -->
        <test-method is-config="true" signature="methodConfiguration()[pri:0, instance:testscripts.Test2@4d465b11]" started-at="2023-04-07T21:20:27 IST" name="methodConfiguration" finished-at="2023-04-07T21:20:27 IST" duration-ms="107" status="PASS">
          <reporter-output>
          </reporter-output>
        </test-method> <!-- methodConfiguration -->
        <test-method signature="test2()[pri:0, instance:testscripts.Test2@4d465b11]" started-at="2023-04-07T21:20:27 IST" name="test2" finished-at="2023-04-07T21:20:33 IST" duration-ms="5745" status="PASS">
          <reporter-output>
          </reporter-output>
        </test-method> <!-- test2 -->
        <test-method is-config="true" signature="methodTearDown()[pri:0, instance:testscripts.Test2@4d465b11]" started-at="2023-04-07T21:20:33 IST" name="methodTearDown" finished-at="2023-04-07T21:20:33 IST" duration-ms="1" status="PASS">
          <reporter-output>
          </reporter-output>
        </test-method> <!-- methodTearDown -->
        <test-method is-config="true" signature="classTearDown()[pri:0, instance:testscripts.Test2@4d465b11]" started-at="2023-04-07T21:20:33 IST" name="classTearDown" finished-at="2023-04-07T21:20:34 IST" duration-ms="808" status="PASS">
          <reporter-output>
          </reporter-output>
        </test-method> <!-- classTearDown -->
      </class> <!-- testscripts.Test2 -->
      <class name="testscripts.Test3">
        <test-method is-config="true" signature="classConfiguration()[pri:0, instance:testscripts.Test3@383bfa16]" started-at="2023-04-07T21:20:13 IST" name="classConfiguration" finished-at="2023-04-07T21:20:16 IST" duration-ms="2838" status="PASS">
          <reporter-output>
          </reporter-output>
        </test-method> <!-- classConfiguration -->
        <test-method is-config="true" signature="methodConfiguration()[pri:0, instance:testscripts.Test3@383bfa16]" started-at="2023-04-07T21:20:16 IST" name="methodConfiguration" finished-at="2023-04-07T21:20:16 IST" duration-ms="132" status="PASS">
          <reporter-output>
          </reporter-output>
        </test-method> <!-- methodConfiguration -->
        <test-method signature="test3()[pri:0, instance:testscripts.Test3@383bfa16]" started-at="2023-04-07T21:20:16 IST" name="test3" finished-at="2023-04-07T21:20:24 IST" duration-ms="7279" status="PASS">
          <reporter-output>
          </reporter-output>
        </test-method> <!-- test3 -->
        <test-method is-config="true" signature="methodTearDown()[pri:0, instance:testscripts.Test3@383bfa16]" started-at="2023-04-07T21:20:24 IST" name="methodTearDown" finished-at="2023-04-07T21:20:24 IST" duration-ms="1" status="PASS">
          <reporter-output>
          </reporter-output>
        </test-method> <!-- methodTearDown -->
        <test-method is-config="true" signature="classTearDown()[pri:0, instance:testscripts.Test3@383bfa16]" started-at="2023-04-07T21:20:24 IST" name="classTearDown" finished-at="2023-04-07T21:20:24 IST" duration-ms="706" status="PASS">
          <reporter-output>
          </reporter-output>
        </test-method> <!-- classTearDown -->
      </class> <!-- testscripts.Test3 -->
      <class name="testscripts.Test1">
        <test-method is-config="true" signature="classConfiguration()[pri:0, instance:testscripts.Test1@505fc5a4]" started-at="2023-04-07T21:20:00 IST" name="classConfiguration" finished-at="2023-04-07T21:20:05 IST" duration-ms="5445" status="PASS">
          <reporter-output>
          </reporter-output>
        </test-method> <!-- classConfiguration -->
        <test-method is-config="true" signature="methodConfiguration()[pri:0, instance:testscripts.Test1@505fc5a4]" started-at="2023-04-07T21:20:05 IST" name="methodConfiguration" finished-at="2023-04-07T21:20:07 IST" duration-ms="1620" status="PASS">
          <reporter-output>
          </reporter-output>
        </test-method> <!-- methodConfiguration -->
        <test-method signature="test1()[pri:0, instance:testscripts.Test1@505fc5a4]" started-at="2023-04-07T21:20:07 IST" name="test1" finished-at="2023-04-07T21:20:13 IST" duration-ms="5919" status="PASS">
          <reporter-output>
          </reporter-output>
        </test-method> <!-- test1 -->
        <test-method is-config="true" signature="methodTearDown()[pri:0, instance:testscripts.Test1@505fc5a4]" started-at="2023-04-07T21:20:13 IST" name="methodTearDown" finished-at="2023-04-07T21:20:13 IST" duration-ms="1" status="PASS">
          <reporter-output>
          </reporter-output>
        </test-method> <!-- methodTearDown -->
        <test-method is-config="true" signature="classTearDown()[pri:0, instance:testscripts.Test1@505fc5a4]" started-at="2023-04-07T21:20:13 IST" name="classTearDown" finished-at="2023-04-07T21:20:13 IST" duration-ms="813" status="PASS">
          <reporter-output>
          </reporter-output>
        </test-method> <!-- classTearDown -->
      </class> <!-- testscripts.Test1 -->
    </test> <!-- Test -->
  </suite> <!-- Suite -->
</testng-results>
